2025-09-10 08:58:57,701 - __main__.EnhancedTradingPlatform - INFO - Directory ensured: /home/ubuntu/Optionali/data/scans
2025-09-10 08:58:57,701 - __main__.EnhancedTradingPlatform - INFO - Directory ensured: /home/ubuntu/Optionali/data
2025-09-10 08:58:57,702 - __main__.EnhancedTradingPlatform - INFO - Directory ensured: /home/ubuntu/Optionali/logs
2025-09-10 08:58:57,743 - __main__.EnhancedTradingPlatform - INFO - Connecting to IBKR Gateway at 127.0.0.1:4002
2025-09-10 08:58:57,743 - __main__.EnhancedTradingPlatform - WARNING - IBKR connection failed: [Errno 111] Connect call failed ('127.0.0.1', 4002) - Using demo mode
2025-09-10 08:58:57,744 - __main__.EnhancedTradingPlatform - ERROR - Universe Filter initialization error: UniverseFilter.__init__() missing 2 required positional arguments: 'ib_connection' and 'config'
2025-09-10 08:58:57,744 - __main__.EnhancedTradingPlatform - ERROR - Momentum Radar initialization error: MomentumRadar.__init__() missing 2 required positional arguments: 'ib_connection' and 'config'
2025-09-10 08:58:57,744 - __main__.EnhancedTradingPlatform - ERROR - Golden Hunter initialization error: GoldenHunter.__init__() missing 2 required positional arguments: 'ib_connection' and 'config'
2025-09-10 08:58:57,744 - __main__.EnhancedTradingPlatform - ERROR - Options Intelligence initialization error: OptionsIntelligence.__init__() missing 2 required positional arguments: 'ib_connection' and 'config'
2025-09-10 08:58:57,744 - __main__.EnhancedTradingPlatform - ERROR - Simulation Engine initialization error: SimulationEngine.__init__() missing 1 required positional argument: 'config'
2025-09-10 08:58:57,744 - __main__.EnhancedTradingPlatform - ERROR - Telegram integration error: TelegramIntegration.__init__() got an unexpected keyword argument 'bot_token'
2025-09-10 08:58:57,744 - __main__.EnhancedTradingPlatform - INFO - All components initialized successfully
2025-09-10 08:58:57,748 - __main__.EnhancedTradingPlatform - INFO - Enhanced Trading Platform initialized for U4312675
2025-09-10 08:58:57,748 - __main__.EnhancedTradingPlatform - INFO - Starting Enhanced Trading Platform for U4312675
2025-09-10 08:58:57,748 - __main__.EnhancedTradingPlatform - INFO - Server: http://0.0.0.0:5001
2025-09-10 08:58:57,748 - __main__.EnhancedTradingPlatform - INFO - Tailscale Access: http://100.105.11.85:5001
2025-09-10 08:58:57,748 - __main__.EnhancedTradingPlatform - INFO - Base Directory: /home/ubuntu/Optionali
2025-09-10 08:58:57,748 - __main__.EnhancedTradingPlatform - INFO - Background worker started
2025-09-10 08:58:57,748 - __main__.EnhancedTradingPlatform - INFO - Background scanner started
2025-09-10 08:58:57,748 - __main__.EnhancedTradingPlatform - INFO - Running background champion scan
2025-09-10 08:58:57,749 - __main__.EnhancedTradingPlatform - ERROR - Background scan error: 'NoneType' object has no attribute 'scan_universe'
2025-09-10 08:58:58,749 - __main__.EnhancedTradingPlatform - INFO - Running background champion scan
2025-09-10 08:58:58,749 - __main__.EnhancedTradingPlatform - ERROR - Background scan error: 'NoneType' object has no attribute 'scan_universe'
2025-09-10 08:58:59,749 - __main__.EnhancedTradingPlatform - INFO - Running background champion scan
2025-09-10 08:58:59,750 - __main__.EnhancedTradingPlatform - ERROR - Background scan error: 'NoneType' object has no attribute 'scan_universe'
2025-09-10 08:59:00,750 - __main__.EnhancedTradingPlatform - INFO - Running background champion scan
2025-09-10 08:59:00,750 - __main__.EnhancedTradingPlatform - ERROR - Background scan error: 'NoneType' object has no attribute 'scan_universe'
2025-09-10 08:59:01,751 - __main__.EnhancedTradingPlatform - INFO - Running background champion scan
2025-09-10 08:59:01,751 - __main__.EnhancedTradingPlatform - ERROR - Background scan error: 'NoneType' object has no attribute 'scan_universe'
2025-09-10 08:59:02,751 - __main__.EnhancedTradingPlatform - INFO - Running background champion scan
2025-09-10 08:59:02,751 - __main__.EnhancedTradingPlatform - ERROR - Background scan error: 'NoneType' object has no attribute 'scan_universe'
2025-09-10 08:59:03,752 - __main__.EnhancedTradingPlatform - INFO - Running background champion scan
2025-09-10 08:59:03,752 - __main__.EnhancedTradingPlatform - ERROR - Background scan error: 'NoneType' object has no attribute 'scan_universe'
2025-09-10 08:59:04,752 - __main__.EnhancedTradingPlatform - INFO - Running background champion scan
2025-09-10 08:59:04,752 - __main__.EnhancedTradingPlatform - ERROR - Background scan error: 'NoneType' object has no attribute 'scan_universe'
2025-09-10 08:59:05,752 - __main__.EnhancedTradingPlatform - INFO - Running background champion scan
2025-09-10 08:59:05,753 - __main__.EnhancedTradingPlatform - ERROR - Background scan error: 'NoneType' object has no attribute 'scan_universe'
2025-09-10 08:59:06,753 - __main__.EnhancedTradingPlatform - INFO - Running background champion scan
2025-09-10 08:59:06,753 - __main__.EnhancedTradingPlatform - ERROR - Background scan error: 'NoneType' object has no attribute 'scan_universe'
2025-09-10 08:59:07,753 - __main__.EnhancedTradingPlatform - INFO - Running background champion scan
2025-09-10 08:59:07,753 - __main__.EnhancedTradingPlatform - ERROR - Background scan error: 'NoneType' object has no attribute 'scan_universe'
2025-09-10 08:59:08,754 - __main__.EnhancedTradingPlatform - INFO - Running background champion scan
2025-09-10 08:59:08,754 - __main__.EnhancedTradingPlatform - ERROR - Background scan error: 'NoneType' object has no attribute 'scan_universe'
2025-09-10 08:59:09,754 - __main__.EnhancedTradingPlatform - INFO - Running background champion scan
2025-09-10 08:59:09,754 - __main__.EnhancedTradingPlatform - ERROR - Background scan error: 'NoneType' object has no attribute 'scan_universe'
2025-09-10 08:59:10,755 - __main__.EnhancedTradingPlatform - INFO - Running background champion scan
2025-09-10 08:59:10,755 - __main__.EnhancedTradingPlatform - ERROR - Background scan error: 'NoneType' object has no attribute 'scan_universe'
2025-09-10 08:59:11,755 - __main__.EnhancedTradingPlatform - INFO - Running background champion scan
2025-09-10 08:59:11,755 - __main__.EnhancedTradingPlatform - ERROR - Background scan error: 'NoneType' object has no attribute 'scan_universe'
